<?xml version="1.0" encoding="UTF-8"?>
<!-- Generated by org.testng.reporters.JUnitReportReporter -->
<testsuite hostname="LAPTOP-TU9KCJFH" failures="0" tests="1" name="createtest.Testclass" time="50.486" errors="0" timestamp="23 Apr 2024 11:18:15 GMT" skipped="0">
  <testcase classname="createtest.Testclass" name="test" time="50.486"/>
</testsuite> <!-- createtest.Testclass -->
