<?xml version="1.0" encoding="UTF-8"?>
<!-- Generated by org.testng.reporters.JUnitReportReporter -->
<testsuite hostname="LAPTOP-TU9KCJFH" failures="0" tests="1" name="orgasationtest.Phonenumbertest" time="65.875" errors="0" timestamp="23 Apr 2024 07:00:49 GMT" skipped="0">
  <testcase classname="orgasationtest.Phonenumbertest" name="tset1" time="65.875"/>
</testsuite> <!-- orgasationtest.Phonenumbertest -->
