<?xml version="1.0" encoding="UTF-8"?>
<!-- Generated by org.testng.reporters.JUnitReportReporter -->
<testsuite hostname="LAPTOP-TU9KCJFH" failures="0" tests="1" name="practicesddt.Newdbclstry" time="0.872" errors="0" timestamp="22 Apr 2024 06:53:44 GMT" skipped="0">
  <testcase classname="practicesddt.Newdbclstry" name="test2" time="0.872"/>
</testsuite> <!-- practicesddt.Newdbclstry -->
