<?xml version="1.0" encoding="UTF-8"?>
<!-- Generated by org.testng.reporters.JUnitReportReporter -->
<testsuite hostname="LAPTOP-TU9KCJFH" failures="0" tests="3" name="createtest.Createcontactdata" time="0.046" errors="0" timestamp="2024-05-04T11:22:42 IST" skipped="0">
  <testcase classname="createtest.Createcontactdata" name="createcontactdata" time="0.041"/>
  <system-out/>
  <testcase classname="createtest.Createcontactdata" name="createcontactdata" time="0.002"/>
  <system-out/>
  <testcase classname="createtest.Createcontactdata" name="createcontactdata" time="0.003"/>
  <system-out/>
</testsuite> <!-- createtest.Createcontactdata -->
