<?xml version="1.0" encoding="UTF-8"?>
<!-- Generated by org.testng.reporters.JUnitReportReporter -->
<testsuite hostname="LAPTOP-TU9KCJFH" failures="0" tests="1" name="practicesddt.Xmltest" time="0.111" errors="0" timestamp="20 Apr 2024 04:41:33 GMT" skipped="0">
  <testcase classname="practicesddt.Xmltest" name="test1" time="0.111"/>
</testsuite> <!-- practicesddt.Xmltest -->
