<?xml version="1.0" encoding="UTF-8"?>
<!-- Generated by org.testng.reporters.JUnitReportReporter -->
<testsuite hostname="LAPTOP-TU9KCJFH" failures="0" tests="1" name="createtest.Productitems" time="128.269" errors="0" timestamp="2024-05-04T11:48:32 IST" skipped="0">
  <testcase classname="createtest.Productitems" name="test2" time="128.269"/>
  <system-out/>
</testsuite> <!-- createtest.Productitems -->
