<?xml version="1.0" encoding="UTF-8"?>
<!-- Generated by org.testng.reporters.JUnitReportReporter -->
<testsuite hostname="LAPTOP-TU9KCJFH" failures="0" tests="3" name="createtest.Classdataprovide" time="0.281" errors="0" timestamp="2024-05-04T11:29:48 IST" skipped="0">
  <testcase classname="createtest.Classdataprovide" name="createcontactdata" time="0.005"/>
  <system-out/>
  <testcase classname="createtest.Classdataprovide" name="createcontactdata" time="0.005"/>
  <system-out/>
  <testcase classname="createtest.Classdataprovide" name="createcontactdata" time="0.271"/>
  <system-out/>
</testsuite> <!-- createtest.Classdataprovide -->
