<?xml version="1.0" encoding="UTF-8"?>
<!-- Generated by org.testng.reporters.JUnitReportReporter -->
<testsuite hostname="LAPTOP-TU9KCJFH" failures="0" tests="1" name="pomtest.Simpletest" time="29.635" errors="0" timestamp="2024-04-25T18:03:10 IST" skipped="0">
  <testcase classname="pomtest.Simpletest" name="simpletest" time="29.635"/>
  <system-out/>
</testsuite> <!-- pomtest.Simpletest -->
