<?xml version="1.0" encoding="UTF-8"?>
<!-- Generated by org.testng.reporters.JUnitReportReporter -->
<testsuite hostname="LAPTOP-TU9KCJFH" failures="0" tests="1" name="practicesddt.Dbproject01" time="1.044" errors="0" timestamp="22 Apr 2024 06:47:35 GMT" skipped="0">
  <testcase classname="practicesddt.Dbproject01" name="test1" time="1.044"/>
</testsuite> <!-- practicesddt.Dbproject01 -->
