<?xml version="1.0" encoding="UTF-8"?>
<!-- Generated by org.testng.reporters.JUnitReportReporter -->
<testsuite hostname="LAPTOP-TU9KCJFH" failures="0" tests="1" name="practicesddt.Intergration2" time="63.221" errors="0" timestamp="20 Apr 2024 08:05:26 GMT" skipped="0">
  <testcase classname="practicesddt.Intergration2" name="tset1" time="63.221"/>
</testsuite> <!-- practicesddt.Intergration2 -->
